<?xml version="1.0" encoding="UTF-8"?>
<!-- Generated by org.testng.reporters.JUnitXMLReporter -->
<testsuite ignored="0" hostname="SHRAVRA1" failures="0" tests="4" name="Default test" time="2.597" errors="0" timestamp="10 May 2021 12:30:20 GMT">
  <testcase classname="RestAssuredPackage.PostRequestClass" name="testcase1" time="1.757"/>
  <testcase classname="RestAssuredPackage.PostRequestClass" name="testcase1" time="0.097"/>
  <testcase classname="RestAssuredPackage.PostRequestClass" name="testcase1" time="0.095"/>
  <testcase classname="RestAssuredPackage.PostRequestClass" name="testcase1" time="0.094"/>
</testsuite> <!-- Default test -->
